[2022-09-07 00:08:36.651] [renderer1] [error] Cannot read properties of undefined (reading 'length'): TypeError: Cannot read properties of undefined (reading 'length')
    at C.next (vscode-file://vscode-app/usr/lib/code/out/vs/workbench/workbench.desktop.main.js:84:74395)
    at C.reset (vscode-file://vscode-app/usr/lib/code/out/vs/workbench/workbench.desktop.main.js:84:74281)
    at o._delete (vscode-file://vscode-app/usr/lib/code/out/vs/workbench/workbench.desktop.main.js:84:79813)
    at o._delete (vscode-file://vscode-app/usr/lib/code/out/vs/workbench/workbench.desktop.main.js:84:80202)
    at o.delete (vscode-file://vscode-app/usr/lib/code/out/vs/workbench/workbench.desktop.main.js:84:79723)
    at vscode-file://vscode-app/usr/lib/code/out/vs/workbench/workbench.desktop.main.js:598:62270
    at S.invoke (vscode-file://vscode-app/usr/lib/code/out/vs/workbench/workbench.desktop.main.js:83:145)
    at l.deliver (vscode-file://vscode-app/usr/lib/code/out/vs/workbench/workbench.desktop.main.js:83:2266)
    at a.fire (vscode-file://vscode-app/usr/lib/code/out/vs/workbench/workbench.desktop.main.js:83:1844)
    at O.triggerConfigurationChange (vscode-file://vscode-app/usr/lib/code/out/vs/workbench/workbench.desktop.main.js:2696:44274)
    at O.onLocalUserConfigurationChanged (vscode-file://vscode-app/usr/lib/code/out/vs/workbench/workbench.desktop.main.js:2696:37033)
    at O.reloadLocalUserConfiguration (vscode-file://vscode-app/usr/lib/code/out/vs/workbench/workbench.desktop.main.js:2696:32631)
    at async O.writeConfigurationValue (vscode-file://vscode-app/usr/lib/code/out/vs/workbench/workbench.desktop.main.js:2696:43378)
    at async Promise.all (index 0)
    at async Object.J [as settled] (vscode-file://vscode-app/usr/lib/code/out/vs/workbench/workbench.desktop.main.js:87:22728)
    at async O.updateValue (vscode-file://vscode-app/usr/lib/code/out/vs/workbench/workbench.desktop.main.js:2696:26255)
[2022-09-07 00:08:39.319] [renderer1] [error] Cannot read properties of undefined (reading 'length'): TypeError: Cannot read properties of undefined (reading 'length')
    at C.next (vscode-file://vscode-app/usr/lib/code/out/vs/workbench/workbench.desktop.main.js:84:74395)
    at C.reset (vscode-file://vscode-app/usr/lib/code/out/vs/workbench/workbench.desktop.main.js:84:74281)
    at o._delete (vscode-file://vscode-app/usr/lib/code/out/vs/workbench/workbench.desktop.main.js:84:79813)
    at o._delete (vscode-file://vscode-app/usr/lib/code/out/vs/workbench/workbench.desktop.main.js:84:80202)
    at o.delete (vscode-file://vscode-app/usr/lib/code/out/vs/workbench/workbench.desktop.main.js:84:79723)
    at vscode-file://vscode-app/usr/lib/code/out/vs/workbench/workbench.desktop.main.js:598:62270
    at S.invoke (vscode-file://vscode-app/usr/lib/code/out/vs/workbench/workbench.desktop.main.js:83:145)
    at l.deliver (vscode-file://vscode-app/usr/lib/code/out/vs/workbench/workbench.desktop.main.js:83:2266)
    at a.fire (vscode-file://vscode-app/usr/lib/code/out/vs/workbench/workbench.desktop.main.js:83:1844)
    at O.triggerConfigurationChange (vscode-file://vscode-app/usr/lib/code/out/vs/workbench/workbench.desktop.main.js:2696:44274)
    at O.onLocalUserConfigurationChanged (vscode-file://vscode-app/usr/lib/code/out/vs/workbench/workbench.desktop.main.js:2696:37033)
    at O.reloadLocalUserConfiguration (vscode-file://vscode-app/usr/lib/code/out/vs/workbench/workbench.desktop.main.js:2696:32631)
    at async O.writeConfigurationValue (vscode-file://vscode-app/usr/lib/code/out/vs/workbench/workbench.desktop.main.js:2696:43378)
    at async Promise.all (index 0)
    at async Object.J [as settled] (vscode-file://vscode-app/usr/lib/code/out/vs/workbench/workbench.desktop.main.js:87:22728)
    at async O.updateValue (vscode-file://vscode-app/usr/lib/code/out/vs/workbench/workbench.desktop.main.js:2696:26255)
[2022-09-07 00:11:13.212] [renderer1] [error] spawn xdg-open ENOENT: Error: spawn xdg-open ENOENT
	at ChildProcess._handle.onexit (node:internal/child_process:283:19)
	at onErrorNT (node:internal/child_process:478:16)
	at process.processTicksAndRejections (node:internal/process/task_queues:83:21)
